0 info it worked if it ends with ok
1 verbose cli [ 'C:\\Program Files\\nodejs\\node.exe',
1 verbose cli   'C:\\Program Files\\nodejs\\node_modules\\npm\\bin\\npm-cli.js',
1 verbose cli   'run',
1 verbose cli   'build' ]
2 info using npm@3.10.10
3 info using node@v6.9.5
4 verbose run-script [ 'prebuild', 'build', 'postbuild' ]
5 info lifecycle nativescript-ng2-slides@0.0.9~prebuild: nativescript-ng2-slides@0.0.9
6 silly lifecycle nativescript-ng2-slides@0.0.9~prebuild: no script for prebuild, continuing
7 info lifecycle nativescript-ng2-slides@0.0.9~build: nativescript-ng2-slides@0.0.9
8 verbose lifecycle nativescript-ng2-slides@0.0.9~build: unsafe-perm in lifecycle true
9 verbose lifecycle nativescript-ng2-slides@0.0.9~build: PATH: C:\Users\administrator\AppData\Roaming\nvm\v6.9.5\node_modules\npm\bin\node-gyp-bin;C:\GitHub\nativescript-ng2-slides\node_modules\.bin;C:\ProgramData\Oracle\Java\javapath;C:\WINDOWS\system32;C:\WINDOWS;C:\WINDOWS\System32\Wbem;C:\WINDOWS\System32\WindowsPowerShell\v1.0\;C:\Program Files (x86)\PuTTY\;C:\Program Files\010 Editor;C:\Program Files\ffmpeg-20160908-2793ebd-win64-static\ffmpeg-20160908-2793ebd-win64-static\bin;C:\Program Files (x86)\NVIDIA Corporation\PhysX\Common;C:\WINDOWS\system32\config\systemprofile\.dnx\bin;C:\Program Files\Microsoft DNX\Dnvm\;C:\Program Files\Microsoft SQL Server\120\Tools\Binn\;C:\Program Files\Microsoft SQL Server\130\Tools\Binn\;C:\Program Files\Git\cmd;C:\Program Files (x86)\Windows Kits\10\Windows Performance Toolkit\;C:\Users\administrator\AppData\Local\Android\sdk\platform-tools;C:\Program Files (x86)\Brackets\command;C:\ProgramData\ComposerSetup\bin;C:\Users\administrator\AppData\Roaming\nvm;C:\Program Files\nodejs;C:\Program Files\ffmpeg-3.2.2-win64-static\bin;C:\ProgramData\chocolatey\bin;C:\Program Files\Java\jdk1.8.0_121\bin;C:\Program Files (x86)\Android\android-sdk\tools;C:\Program Files (x86)\Android\android-sdk\platform-tools;C:\Program Files (x86)\Microsoft Emulator Manager\1.0\;C:\ProgramData\Oracle\Java\javapath;C:\xampp\php;C:\Users\administrator\AppData\Roaming\npm;C:\ProgramData\ComposerSetup\bin;C:\Users\administrator\AppData\Roaming\nvm;C:\Program Files\nodejs;C:\Program Files (x86)\Android\android-sdk\tools;C:\Program Files (x86)\Android\android-sdk\platform-tools;C:\Program Files (x86)\Microsoft VS Code\bin
10 verbose lifecycle nativescript-ng2-slides@0.0.9~build: CWD: C:\GitHub\nativescript-ng2-slides
11 silly lifecycle nativescript-ng2-slides@0.0.9~build: Args: [ '/d /s /c', 'tsc' ]
12 verbose stack Error: kill ENOSYS
12 verbose stack     at exports._errnoException (util.js:1022:11)
12 verbose stack     at process.kill (internal/process.js:172:13)
12 verbose stack     at process.listener (C:\Users\administrator\AppData\Roaming\nvm\v6.9.5\node_modules\npm\node_modules\npmlog\node_modules\gauge\node_modules\signal-exit\index.js:86:15)
12 verbose stack     at emitNone (events.js:91:20)
12 verbose stack     at process.emit (events.js:185:7)
12 verbose stack     at processEmit (C:\Users\administrator\AppData\Roaming\nvm\v6.9.5\node_modules\npm\node_modules\npmlog\node_modules\gauge\node_modules\signal-exit\index.js:146:32)
12 verbose stack     at processEmit (C:\Users\administrator\AppData\Roaming\nvm\v6.9.5\node_modules\npm\node_modules\npm-registry-client\node_modules\npmlog\node_modules\gauge\node_modules\signal-exit\index.js:146:32)
12 verbose stack     at Signal.wrap.onsignal (internal/process.js:199:44)
13 verbose cwd C:\GitHub\nativescript-ng2-slides
14 error Windows_NT 10.0.10240
15 error argv "C:\\Program Files\\nodejs\\node.exe" "C:\\Program Files\\nodejs\\node_modules\\npm\\bin\\npm-cli.js" "run" "build"
16 error node v6.9.5
17 error npm  v3.10.10
18 error code ENOSYS
19 error errno ENOSYS
20 error syscall kill
21 error kill ENOSYS
22 error If you need help, you may report this error at:
22 error     <https://github.com/npm/npm/issues>
23 verbose exit [ 1, true ]
